# JRE version: Java(TM) SE Runtime Environment (12.0.1+12) (build 12.0.1+12)
# Java VM: Java HotSpot(TM) 64-Bit Server VM (12.0.1+12, mixed mode, sharing, tiered, compressed oops, g1 gc, windows-amd64)
Heap:
 garbage-first heap   total 399360K, used 2667K [0x0000000082000000, 0x0000000100000000)
  region size 1024K, 1 young (1024K), 1 survivors (1024K)
 Metaspace       used 3737K, capacity 5144K, committed 5504K, reserved 1056768K
  class space    used 393K, capacity 524K, committed 640K, reserved 1048576K
GC Heap History (10 events):
Event: 357.419 GC heap after
{Heap after GC invocations=2034 (full 0):
 garbage-first heap   total 106496K, used 2667K [0x0000000082000000, 0x0000000100000000)
  region size 1024K, 1 young (1024K), 1 survivors (1024K)
 Metaspace       used 3737K, capacity 5144K, committed 5504K, reserved 1056768K
  class space    used 393K, capacity 524K, committed 640K, reserved 1048576K
}
Event: 357.430 GC heap before
{Heap before GC invocations=2035 (full 0):
 garbage-first heap   total 106496K, used 66155K [0x0000000082000000, 0x0000000100000000)
  region size 1024K, 2 young (2048K), 1 survivors (1024K)
 Metaspace       used 3737K, capacity 5144K, committed 5504K, reserved 1056768K
  class space    used 393K, capacity 524K, committed 640K, reserved 1048576K
}
Event: 357.585 GC heap after
{Heap after GC invocations=2036 (full 0):
 garbage-first heap   total 177152K, used 2667K [0x0000000082000000, 0x0000000100000000)
  region size 1024K, 1 young (1024K), 1 survivors (1024K)
 Metaspace       used 3737K, capacity 5144K, committed 5504K, reserved 1056768K
  class space    used 393K, capacity 524K, committed 640K, reserved 1048576K
}
Event: 357.608 GC heap before
{Heap before GC invocations=2037 (full 0):
 garbage-first heap   total 153600K, used 68203K [0x0000000082000000, 0x0000000100000000)
  region size 1024K, 2 young (2048K), 1 survivors (1024K)
 Metaspace       used 3737K, capacity 5144K, committed 5504K, reserved 1056768K
  class space    used 393K, capacity 524K, committed 640K, reserved 1048576K
}
Event: 357.618 GC heap after
{Heap after GC invocations=2038 (full 0):
 garbage-first heap   total 153600K, used 2667K [0x0000000082000000, 0x0000000100000000)
  region size 1024K, 1 young (1024K), 1 survivors (1024K)
 Metaspace       used 3737K, capacity 5144K, committed 5504K, reserved 1056768K
  class space    used 393K, capacity 524K, committed 640K, reserved 1048576K
}
Event: 357.647 GC heap before
{Heap before GC invocations=2039 (full 0):
 garbage-first heap   total 133120K, used 69227K [0x0000000082000000, 0x0000000100000000)
  region size 1024K, 2 young (2048K), 1 survivors (1024K)
 Metaspace       used 3737K, capacity 5144K, committed 5504K, reserved 1056768K
  class space    used 393K, capacity 524K, committed 640K, reserved 1048576K
}
Event: 357.648 GC heap after
{Heap after GC invocations=2040 (full 0):
 garbage-first heap   total 133120K, used 2667K [0x0000000082000000, 0x0000000100000000)
  region size 1024K, 1 young (1024K), 1 survivors (1024K)
 Metaspace       used 3737K, capacity 5144K, committed 5504K, reserved 1056768K
  class space    used 393K, capacity 524K, committed 640K, reserved 1048576K
}
Event: 357.683 GC heap before
{Heap before GC invocations=2041 (full 0):
 garbage-first heap   total 133120K, used 70251K [0x0000000082000000, 0x0000000100000000)
  region size 1024K, 2 young (2048K), 1 survivors (1024K)
 Metaspace       used 3737K, capacity 5144K, committed 5504K, reserved 1056768K
  class space    used 393K, capacity 524K, committed 640K, reserved 1048576K
}
Event: 357.684 GC heap after
{Heap after GC invocations=2042 (full 0):
 garbage-first heap   total 133120K, used 2667K [0x0000000082000000, 0x0000000100000000)
  region size 1024K, 1 young (1024K), 1 survivors (1024K)
 Metaspace       used 3737K, capacity 5144K, committed 5504K, reserved 1056768K
  class space    used 393K, capacity 524K, committed 640K, reserved 1048576K
}
Event: 357.708 GC heap before
{Heap before GC invocations=2043 (full 0):
 garbage-first heap   total 133120K, used 72299K [0x0000000082000000, 0x0000000100000000)
  region size 1024K, 2 young (2048K), 1 survivors (1024K)
 Metaspace       used 3737K, capacity 5144K, committed 5504K, reserved 1056768K
  class space    used 393K, capacity 524K, committed 640K, reserved 1048576K
}

