# JRE version: Java(TM) SE Runtime Environment (12.0.1+12) (build 12.0.1+12)
# Java VM: Java HotSpot(TM) 64-Bit Server VM (12.0.1+12, mixed mode, sharing, tiered, compressed oops, g1 gc, windows-amd64)
Heap:
 garbage-first heap   total 73728K, used 2666K [0x0000000082000000, 0x0000000100000000)
  region size 1024K, 1 young (1024K), 1 survivors (1024K)
 Metaspace       used 3730K, capacity 5144K, committed 5504K, reserved 1056768K
  class space    used 393K, capacity 524K, committed 640K, reserved 1048576K
GC Heap History (10 events):
Event: 219.298 GC heap after
{Heap after GC invocations=1491 (full 0):
 garbage-first heap   total 40960K, used 2666K [0x0000000082000000, 0x0000000100000000)
  region size 1024K, 1 young (1024K), 1 survivors (1024K)
 Metaspace       used 3730K, capacity 5144K, committed 5504K, reserved 1056768K
  class space    used 393K, capacity 524K, committed 640K, reserved 1048576K
}
Event: 219.311 GC heap before
{Heap before GC invocations=1492 (full 0):
 garbage-first heap   total 40960K, used 27242K [0x0000000082000000, 0x0000000100000000)
  region size 1024K, 2 young (2048K), 1 survivors (1024K)
 Metaspace       used 3730K, capacity 5144K, committed 5504K, reserved 1056768K
  class space    used 393K, capacity 524K, committed 640K, reserved 1048576K
}
Event: 219.312 GC heap after
{Heap after GC invocations=1493 (full 0):
 garbage-first heap   total 40960K, used 2666K [0x0000000082000000, 0x0000000100000000)
  region size 1024K, 1 young (1024K), 1 survivors (1024K)
 Metaspace       used 3730K, capacity 5144K, committed 5504K, reserved 1056768K
  class space    used 393K, capacity 524K, committed 640K, reserved 1048576K
}
Event: 219.425 GC heap before
{Heap before GC invocations=1494 (full 0):
 garbage-first heap   total 51200K, used 28266K [0x0000000082000000, 0x0000000100000000)
  region size 1024K, 2 young (2048K), 1 survivors (1024K)
 Metaspace       used 3730K, capacity 5144K, committed 5504K, reserved 1056768K
  class space    used 393K, capacity 524K, committed 640K, reserved 1048576K
}
Event: 219.430 GC heap after
{Heap after GC invocations=1495 (full 0):
 garbage-first heap   total 51200K, used 2666K [0x0000000082000000, 0x0000000100000000)
  region size 1024K, 1 young (1024K), 1 survivors (1024K)
 Metaspace       used 3730K, capacity 5144K, committed 5504K, reserved 1056768K
  class space    used 393K, capacity 524K, committed 640K, reserved 1048576K
}
Event: 220.176 GC heap before
{Heap before GC invocations=1496 (full 0):
 garbage-first heap   total 17408K, used 7786K [0x0000000082000000, 0x0000000100000000)
  region size 1024K, 2 young (2048K), 1 survivors (1024K)
 Metaspace       used 3730K, capacity 5144K, committed 5504K, reserved 1056768K
  class space    used 393K, capacity 524K, committed 640K, reserved 1048576K
}
Event: 220.194 GC heap after
{Heap after GC invocations=1497 (full 0):
 garbage-first heap   total 17408K, used 2666K [0x0000000082000000, 0x0000000100000000)
  region size 1024K, 1 young (1024K), 1 survivors (1024K)
 Metaspace       used 3730K, capacity 5144K, committed 5504K, reserved 1056768K
  class space    used 393K, capacity 524K, committed 640K, reserved 1048576K
}
Event: 220.258 GC heap before
{Heap before GC invocations=1498 (full 0):
 garbage-first heap   total 32768K, used 18026K [0x0000000082000000, 0x0000000100000000)
  region size 1024K, 2 young (2048K), 1 survivors (1024K)
 Metaspace       used 3730K, capacity 5144K, committed 5504K, reserved 1056768K
  class space    used 393K, capacity 524K, committed 640K, reserved 1048576K
}
Event: 220.258 GC heap after
{Heap after GC invocations=1499 (full 0):
 garbage-first heap   total 32768K, used 2666K [0x0000000082000000, 0x0000000100000000)
  region size 1024K, 1 young (1024K), 1 survivors (1024K)
 Metaspace       used 3730K, capacity 5144K, committed 5504K, reserved 1056768K
  class space    used 393K, capacity 524K, committed 640K, reserved 1048576K
}
Event: 220.270 GC heap before
{Heap before GC invocations=1500 (full 0):
 garbage-first heap   total 17408K, used 14954K [0x0000000082000000, 0x0000000100000000)
  region size 1024K, 2 young (2048K), 1 survivors (1024K)
 Metaspace       used 3730K, capacity 5144K, committed 5504K, reserved 1056768K
  class space    used 393K, capacity 524K, committed 640K, reserved 1048576K
}

